Using pre-set license
Built from '2020.3/staging' branch; Version is '2020.3.8f1 (507919d4fff5) revision 5273881'; Using compiler version '192528614'; Build Type 'Release'
OS: 'Windows 10 Pro; OS build 19042.985; Version 2009; 64bit' Language: 'ko' Physical Memory: 8052 MB
BatchMode: 1, IsHumanControllingUs: 0, StartBugReporterOnCrash: 0, Is64bit: 1, IsPro: 0

 COMMAND LINE ARGUMENTS:
C:\Program Files\Unity\Hub\Editor\2020.3.8f1\Editor\Unity.exe
-adb2
-batchMode
-noUpm
-name
AssetImportWorker0
-projectPath
C:/Users/giduo/OneDrive/바탕 화면/git/Unity/FPS
-logFile
Logs/AssetImportWorker0.log
-srvPort
10504
Successfully changed project path to: C:/Users/giduo/OneDrive/바탕 화면/git/Unity/FPS
C:/Users/giduo/OneDrive/바탕 화면/git/Unity/FPS
Using Asset Import Pipeline V2.
Refreshing native plugins compatible for Editor in 68.38 ms, found 0 plugins.
Preloading 0 native plugins for Editor in 0.00 ms.
Initialize engine version: 2020.3.8f1 (507919d4fff5)
[Subsystems] Discovering subsystems at path C:/Program Files/Unity/Hub/Editor/2020.3.8f1/Editor/Data/Resources/UnitySubsystems
[Subsystems] Discovering subsystems at path C:/Users/giduo/OneDrive/바탕 화면/git/Unity/FPS/Assets
GfxDevice: creating device client; threaded=0
Direct3D:
    Version:  Direct3D 11.0 [level 11.1]
    Renderer: Intel(R) UHD Graphics 620 (ID=0x3ea0)
    Vendor:   
    VRAM:     4026 MB
    Driver:   26.20.100.7324
Initialize mono
Mono path[0] = 'C:/Program Files/Unity/Hub/Editor/2020.3.8f1/Editor/Data/Managed'
Mono path[1] = 'C:/Program Files/Unity/Hub/Editor/2020.3.8f1/Editor/Data/MonoBleedingEdge/lib/mono/unityjit'
Mono config path = 'C:/Program Files/Unity/Hub/Editor/2020.3.8f1/Editor/Data/MonoBleedingEdge/etc'
Using monoOptions --debugger-agent=transport=dt_socket,embedding=1,server=y,suspend=n,address=127.0.0.1:56600
Begin MonoManager ReloadAssembly
Registering precompiled unity dll's ...
Register platform support module: C:/Program Files/Unity/Hub/Editor/2020.3.8f1/Editor/Data/PlaybackEngines/WindowsStandaloneSupport/UnityEditor.WindowsStandalone.Extensions.dll
Registered in 0.008539 seconds.
Native extension for WindowsStandalone target not found
Refreshing native plugins compatible for Editor in 83.34 ms, found 0 plugins.
Preloading 0 native plugins for Editor in 0.00 ms.
Mono: successfully reloaded assembly
- Completed reload, in  6.775 seconds
Platform modules already initialized, skipping
Registering precompiled user dll's ...
Registered in 0.001105 seconds.
Begin MonoManager ReloadAssembly
Native extension for WindowsStandalone target not found
Refreshing native plugins compatible for Editor in 0.65 ms, found 0 plugins.
Preloading 0 native plugins for Editor in 0.00 ms.
Mono: successfully reloaded assembly
- Completed reload, in  2.639 seconds
Platform modules already initialized, skipping
========================================================================
Worker process is ready to serve import requests
Launched and connected shader compiler UnityShaderCompiler.exe after 0.16 seconds
Refreshing native plugins compatible for Editor in 0.45 ms, found 0 plugins.
Preloading 0 native plugins for Editor in 0.00 ms.
Unloading 1115 Unused Serialized files (Serialized files now loaded: 0)
System memory in use before: 57.2 MB.
System memory in use after: 57.2 MB.

Unloading 10 unused Assets to reduce memory usage. Loaded Objects now: 1557.
Total: 5.433600 ms (FindLiveObjects: 0.350700 ms CreateObjectMapping: 0.117500 ms MarkObjects: 4.750000 ms  DeleteObjects: 0.212900 ms)

========================================================================
Received Import Request.
  path: Assets/Scenes
  artifactKey: Guid(85c5728b153cda0429511ee71c2a4595) Importer(815301076,1909f56bfc062723c751e8b465ee728b)
Start importing Assets/Scenes using Guid(85c5728b153cda0429511ee71c2a4595) Importer(815301076,1909f56bfc062723c751e8b465ee728b)  -> (artifact id: '7804a3b5ef1720213f0a317b4d9d03ca') in 0.030317 seconds
  Import took 0.048870 seconds .

========================================================================
Received Import Request.
  Time since last request: 4.135170 seconds.
  path: Assets/Scenes/FpsScene.unity
  artifactKey: Guid(7af470a31e5a91641ad875d42f45a09d) Importer(815301076,1909f56bfc062723c751e8b465ee728b)
Start importing Assets/Scenes/FpsScene.unity using Guid(7af470a31e5a91641ad875d42f45a09d) Importer(815301076,1909f56bfc062723c751e8b465ee728b)  -> (artifact id: '1cc3ff8dcc5a6ba1b5d7656dda068cda') in 0.048729 seconds
  Import took 0.053879 seconds .

========================================================================
Received Import Request.
  Time since last request: 1.178019 seconds.
  path: Assets/Scenes/SampleScene.unity
  artifactKey: Guid(9fc0d4010bbf28b4594072e72b8655ab) Importer(815301076,1909f56bfc062723c751e8b465ee728b)
Start importing Assets/Scenes/SampleScene.unity using Guid(9fc0d4010bbf28b4594072e72b8655ab) Importer(815301076,1909f56bfc062723c751e8b465ee728b)  -> (artifact id: '85059f4f9e1a832ed95adaa0d25c5c4c') in 0.021625 seconds
  Import took 0.027204 seconds .

========================================================================
Received Import Request.
  Time since last request: 91.524620 seconds.
  path: Assets
  artifactKey: Guid(00000000000000001000000000000000) Importer(815301076,1909f56bfc062723c751e8b465ee728b)
Start importing Assets using Guid(00000000000000001000000000000000) Importer(815301076,1909f56bfc062723c751e8b465ee728b)  -> (artifact id: '42d402b061de3733987d63b9cc3b64de') in 0.017151 seconds
  Import took 0.024695 seconds .

========================================================================
Received Import Request.
  Time since last request: 8.070475 seconds.
  path: Assets/Scripts
  artifactKey: Guid(c0e5e35a73207334e8f91da62ef806eb) Importer(815301076,1909f56bfc062723c751e8b465ee728b)
Start importing Assets/Scripts using Guid(c0e5e35a73207334e8f91da62ef806eb) Importer(815301076,1909f56bfc062723c751e8b465ee728b)  -> (artifact id: '4b80b296e54ac292c0924d3e856c60fc') in 0.045855 seconds
  Import took 0.051730 seconds .

========================================================================
Received Import Request.
  Time since last request: 9.365279 seconds.
  path: Assets/Scripts/PlayerMove.cs
  artifactKey: Guid(fad213e9b3094bd49bc5cf8563eaeeb1) Importer(815301076,1909f56bfc062723c751e8b465ee728b)
Start importing Assets/Scripts/PlayerMove.cs using Guid(fad213e9b3094bd49bc5cf8563eaeeb1) Importer(815301076,1909f56bfc062723c751e8b465ee728b)  -> (artifact id: '30cfa652cf302476b7503402b8d18194') in 0.118883 seconds
  Import took 0.124547 seconds .

========================================================================
Received Prepare
Registering precompiled user dll's ...
Registered in 0.000993 seconds.
Begin MonoManager ReloadAssembly
Native extension for WindowsStandalone target not found
Refreshing native plugins compatible for Editor in 0.50 ms, found 0 plugins.
Preloading 0 native plugins for Editor in 0.00 ms.
Mono: successfully reloaded assembly
- Completed reload, in  3.492 seconds
Platform modules already initialized, skipping
Refreshing native plugins compatible for Editor in 0.64 ms, found 0 plugins.
Preloading 0 native plugins for Editor in 0.00 ms.
Unloading 1111 Unused Serialized files (Serialized files now loaded: 0)
System memory in use before: 57.2 MB.
System memory in use after: 57.2 MB.

Unloading 5 unused Assets to reduce memory usage. Loaded Objects now: 1561.
Total: 5.996100 ms (FindLiveObjects: 0.272900 ms CreateObjectMapping: 0.076000 ms MarkObjects: 5.495700 ms  DeleteObjects: 0.144800 ms)

========================================================================
Received Prepare
Registering precompiled user dll's ...
Registered in 0.000955 seconds.
Begin MonoManager ReloadAssembly
Native extension for WindowsStandalone target not found
Refreshing native plugins compatible for Editor in 0.45 ms, found 0 plugins.
Preloading 0 native plugins for Editor in 0.00 ms.
Mono: successfully reloaded assembly
- Completed reload, in  2.894 seconds
Platform modules already initialized, skipping
Refreshing native plugins compatible for Editor in 0.57 ms, found 0 plugins.
Preloading 0 native plugins for Editor in 0.00 ms.
Unloading 1111 Unused Serialized files (Serialized files now loaded: 0)
System memory in use before: 57.2 MB.
System memory in use after: 57.3 MB.

Unloading 5 unused Assets to reduce memory usage. Loaded Objects now: 1564.
Total: 5.135300 ms (FindLiveObjects: 0.488100 ms CreateObjectMapping: 0.152000 ms MarkObjects: 4.387700 ms  DeleteObjects: 0.104800 ms)

========================================================================
Received Import Request.
  Time since last request: 327.679945 seconds.
  path: Assets/Scripts/PlayerMove.cs
  artifactKey: Guid(fad213e9b3094bd49bc5cf8563eaeeb1) Importer(815301076,1909f56bfc062723c751e8b465ee728b)
Start importing Assets/Scripts/PlayerMove.cs using Guid(fad213e9b3094bd49bc5cf8563eaeeb1) Importer(815301076,1909f56bfc062723c751e8b465ee728b)  -> (artifact id: '34b52bf993aa8a2948b16e1fdae7c878') in 0.025838 seconds
  Import took 0.031501 seconds .

========================================================================
Received Prepare
Registering precompiled user dll's ...
Registered in 0.010336 seconds.
Begin MonoManager ReloadAssembly
Native extension for WindowsStandalone target not found
Refreshing native plugins compatible for Editor in 0.45 ms, found 0 plugins.
Preloading 0 native plugins for Editor in 0.00 ms.
Mono: successfully reloaded assembly
- Completed reload, in  2.426 seconds
Platform modules already initialized, skipping
Refreshing native plugins compatible for Editor in 0.29 ms, found 0 plugins.
Preloading 0 native plugins for Editor in 0.00 ms.
Unloading 1111 Unused Serialized files (Serialized files now loaded: 0)
System memory in use before: 57.2 MB.
System memory in use after: 57.3 MB.

Unloading 5 unused Assets to reduce memory usage. Loaded Objects now: 1567.
Total: 3.800800 ms (FindLiveObjects: 0.189600 ms CreateObjectMapping: 0.057200 ms MarkObjects: 3.463500 ms  DeleteObjects: 0.088200 ms)

========================================================================
Received Prepare
Registering precompiled user dll's ...
Registered in 0.001600 seconds.
Begin MonoManager ReloadAssembly
Native extension for WindowsStandalone target not found
Refreshing native plugins compatible for Editor in 0.29 ms, found 0 plugins.
Preloading 0 native plugins for Editor in 0.00 ms.
Mono: successfully reloaded assembly
- Completed reload, in  1.926 seconds
Platform modules already initialized, skipping
Refreshing native plugins compatible for Editor in 0.42 ms, found 0 plugins.
Preloading 0 native plugins for Editor in 0.00 ms.
Unloading 1111 Unused Serialized files (Serialized files now loaded: 0)
System memory in use before: 57.2 MB.
System memory in use after: 57.3 MB.

Unloading 5 unused Assets to reduce memory usage. Loaded Objects now: 1570.
Total: 7.798400 ms (FindLiveObjects: 0.405600 ms CreateObjectMapping: 0.127700 ms MarkObjects: 7.149000 ms  DeleteObjects: 0.112700 ms)

========================================================================
Received Import Request.
  Time since last request: 86.929585 seconds.
  path: Assets/Scripts/PlayerMove.cs
  artifactKey: Guid(fad213e9b3094bd49bc5cf8563eaeeb1) Importer(815301076,1909f56bfc062723c751e8b465ee728b)
Start importing Assets/Scripts/PlayerMove.cs using Guid(fad213e9b3094bd49bc5cf8563eaeeb1) Importer(815301076,1909f56bfc062723c751e8b465ee728b)  -> (artifact id: 'c1261a9e39e8c046e00bccd1b32111f4') in 0.060337 seconds
  Import took 0.066704 seconds .

========================================================================
Received Prepare
Registering precompiled user dll's ...
Registered in 0.001622 seconds.
Begin MonoManager ReloadAssembly
Native extension for WindowsStandalone target not found
Refreshing native plugins compatible for Editor in 0.41 ms, found 0 plugins.
Preloading 0 native plugins for Editor in 0.00 ms.
Mono: successfully reloaded assembly
- Completed reload, in  2.724 seconds
Platform modules already initialized, skipping
Refreshing native plugins compatible for Editor in 0.34 ms, found 0 plugins.
Preloading 0 native plugins for Editor in 0.00 ms.
Unloading 1111 Unused Serialized files (Serialized files now loaded: 0)
System memory in use before: 57.3 MB.
System memory in use after: 57.3 MB.

Unloading 5 unused Assets to reduce memory usage. Loaded Objects now: 1573.
Total: 3.369900 ms (FindLiveObjects: 0.224600 ms CreateObjectMapping: 0.132700 ms MarkObjects: 2.928200 ms  DeleteObjects: 0.082500 ms)

========================================================================
Received Prepare
Registering precompiled user dll's ...
Registered in 0.001585 seconds.
Begin MonoManager ReloadAssembly
Native extension for WindowsStandalone target not found
Refreshing native plugins compatible for Editor in 0.43 ms, found 0 plugins.
Preloading 0 native plugins for Editor in 0.00 ms.
Mono: successfully reloaded assembly
- Completed reload, in  1.967 seconds
Platform modules already initialized, skipping
Refreshing native plugins compatible for Editor in 0.32 ms, found 0 plugins.
Preloading 0 native plugins for Editor in 0.00 ms.
Unloading 1111 Unused Serialized files (Serialized files now loaded: 0)
System memory in use before: 57.3 MB.
System memory in use after: 57.3 MB.

Unloading 5 unused Assets to reduce memory usage. Loaded Objects now: 1576.
Total: 2.451400 ms (FindLiveObjects: 0.176000 ms CreateObjectMapping: 0.047700 ms MarkObjects: 2.149500 ms  DeleteObjects: 0.076800 ms)

========================================================================
Received Import Request.
  Time since last request: 410.686074 seconds.
  path: Assets/Scripts/PlayerMove.cs
  artifactKey: Guid(fad213e9b3094bd49bc5cf8563eaeeb1) Importer(815301076,1909f56bfc062723c751e8b465ee728b)
Start importing Assets/Scripts/PlayerMove.cs using Guid(fad213e9b3094bd49bc5cf8563eaeeb1) Importer(815301076,1909f56bfc062723c751e8b465ee728b)  -> (artifact id: '76e926bf93a3d5a7a827d64f5464a094') in 0.009635 seconds
  Import took 0.013957 seconds .

========================================================================
Received Import Request.
  Time since last request: 3.351072 seconds.
  path: Assets/Scripts/PlayerMove.cs
  artifactKey: Guid(fad213e9b3094bd49bc5cf8563eaeeb1) Importer(815301076,1909f56bfc062723c751e8b465ee728b)
Start importing Assets/Scripts/PlayerMove.cs using Guid(fad213e9b3094bd49bc5cf8563eaeeb1) Importer(815301076,1909f56bfc062723c751e8b465ee728b)  -> (artifact id: '76e926bf93a3d5a7a827d64f5464a094') in 0.012605 seconds
  Import took 0.016799 seconds .

========================================================================
Received Prepare
Registering precompiled user dll's ...
Registered in 0.000907 seconds.
Begin MonoManager ReloadAssembly
Native extension for WindowsStandalone target not found
Refreshing native plugins compatible for Editor in 0.44 ms, found 0 plugins.
Preloading 0 native plugins for Editor in 0.00 ms.
Mono: successfully reloaded assembly
- Completed reload, in  2.523 seconds
Platform modules already initialized, skipping
Refreshing native plugins compatible for Editor in 0.42 ms, found 0 plugins.
Preloading 0 native plugins for Editor in 0.00 ms.
Unloading 1111 Unused Serialized files (Serialized files now loaded: 0)
System memory in use before: 57.3 MB.
System memory in use after: 57.3 MB.

Unloading 5 unused Assets to reduce memory usage. Loaded Objects now: 1579.
Total: 3.777700 ms (FindLiveObjects: 0.264200 ms CreateObjectMapping: 0.096800 ms MarkObjects: 3.254900 ms  DeleteObjects: 0.159400 ms)

========================================================================
Received Import Request.
  Time since last request: 631.978439 seconds.
  path: Assets/Materials
  artifactKey: Guid(370fa8d607d97c642a5d16aed33c6f20) Importer(815301076,1909f56bfc062723c751e8b465ee728b)
Start importing Assets/Materials using Guid(370fa8d607d97c642a5d16aed33c6f20) Importer(815301076,1909f56bfc062723c751e8b465ee728b)  -> (artifact id: '0c3e6f4895c5ec52fb05279ed09f2e8a') in 0.059905 seconds
  Import took 0.066672 seconds .

========================================================================
Received Prepare
Registering precompiled user dll's ...
Registered in 0.002486 seconds.
Begin MonoManager ReloadAssembly
Native extension for WindowsStandalone target not found
Refreshing native plugins compatible for Editor in 1.80 ms, found 0 plugins.
Preloading 0 native plugins for Editor in 0.00 ms.
Mono: successfully reloaded assembly
- Completed reload, in 14.333 seconds
Platform modules already initialized, skipping
Script is not up to date after domain reload: guid(5e8ccbd5c091a954485ce41629286a4a) path("Assets/Scripts/PlayerRotate.cs") state(2)
Refreshing native plugins compatible for Editor in 0.28 ms, found 0 plugins.
Preloading 0 native plugins for Editor in 0.00 ms.
Unloading 1111 Unused Serialized files (Serialized files now loaded: 0)
System memory in use before: 57.3 MB.
System memory in use after: 57.3 MB.

Unloading 5 unused Assets to reduce memory usage. Loaded Objects now: 1582.
Total: 4.480800 ms (FindLiveObjects: 0.345500 ms CreateObjectMapping: 0.099000 ms MarkObjects: 3.928700 ms  DeleteObjects: 0.105300 ms)

========================================================================
Received Prepare
Registering precompiled user dll's ...
Registered in 0.002044 seconds.
Begin MonoManager ReloadAssembly
Native extension for WindowsStandalone target not found
Refreshing native plugins compatible for Editor in 0.68 ms, found 0 plugins.
Preloading 0 native plugins for Editor in 0.00 ms.
Mono: successfully reloaded assembly
- Completed reload, in  5.015 seconds
Platform modules already initialized, skipping
Refreshing native plugins compatible for Editor in 0.60 ms, found 0 plugins.
Preloading 0 native plugins for Editor in 0.00 ms.
Unloading 1112 Unused Serialized files (Serialized files now loaded: 0)
System memory in use before: 57.3 MB.
System memory in use after: 57.4 MB.

Unloading 5 unused Assets to reduce memory usage. Loaded Objects now: 1586.
Total: 5.151500 ms (FindLiveObjects: 0.386800 ms CreateObjectMapping: 0.136500 ms MarkObjects: 4.421800 ms  DeleteObjects: 0.203500 ms)

========================================================================
Received Import Request.
  Time since last request: 2940.745393 seconds.
  path: Assets/Scripts/PlayerRotate.cs
  artifactKey: Guid(5e8ccbd5c091a954485ce41629286a4a) Importer(815301076,1909f56bfc062723c751e8b465ee728b)
Start importing Assets/Scripts/PlayerRotate.cs using Guid(5e8ccbd5c091a954485ce41629286a4a) Importer(815301076,1909f56bfc062723c751e8b465ee728b)  -> (artifact id: 'dbdccc989310e9f6a293b922c7cbaf5c') in 0.402134 seconds
  Import took 0.460888 seconds .

========================================================================
Received Import Request.
  Time since last request: 0.000523 seconds.
  path: Assets/Scripts/PlayerMove.cs
  artifactKey: Guid(fad213e9b3094bd49bc5cf8563eaeeb1) Importer(815301076,1909f56bfc062723c751e8b465ee728b)
Start importing Assets/Scripts/PlayerMove.cs using Guid(fad213e9b3094bd49bc5cf8563eaeeb1) Importer(815301076,1909f56bfc062723c751e8b465ee728b)  -> (artifact id: '2d79de43001af500d83034edb8f82c15') in 0.151805 seconds
  Import took 0.170185 seconds .

========================================================================
Received Prepare
Registering precompiled user dll's ...
Registered in 0.001525 seconds.
Begin MonoManager ReloadAssembly
Native extension for WindowsStandalone target not found
Refreshing native plugins compatible for Editor in 0.67 ms, found 0 plugins.
Preloading 0 native plugins for Editor in 0.00 ms.
Mono: successfully reloaded assembly
- Completed reload, in  2.599 seconds
Platform modules already initialized, skipping
Refreshing native plugins compatible for Editor in 0.44 ms, found 0 plugins.
Preloading 0 native plugins for Editor in 0.00 ms.
Unloading 1112 Unused Serialized files (Serialized files now loaded: 0)
System memory in use before: 57.3 MB.
System memory in use after: 57.4 MB.

Unloading 5 unused Assets to reduce memory usage. Loaded Objects now: 1589.
Total: 3.911900 ms (FindLiveObjects: 0.306200 ms CreateObjectMapping: 0.083600 ms MarkObjects: 3.404100 ms  DeleteObjects: 0.115700 ms)

========================================================================
Received Import Request.
  Time since last request: 384.994242 seconds.
  path: Assets/Scripts/PlayerRotate.cs
  artifactKey: Guid(5e8ccbd5c091a954485ce41629286a4a) Importer(815301076,1909f56bfc062723c751e8b465ee728b)
Start importing Assets/Scripts/PlayerRotate.cs using Guid(5e8ccbd5c091a954485ce41629286a4a) Importer(815301076,1909f56bfc062723c751e8b465ee728b)  -> (artifact id: 'a1481ee27bfc1cdd8b481c1922f1dc53') in 0.035443 seconds
  Import took 0.079466 seconds .

========================================================================
Received Prepare
Registering precompiled user dll's ...
Registered in 0.001300 seconds.
Begin MonoManager ReloadAssembly
Native extension for WindowsStandalone target not found
Refreshing native plugins compatible for Editor in 0.53 ms, found 0 plugins.
Preloading 0 native plugins for Editor in 0.00 ms.
Mono: successfully reloaded assembly
- Completed reload, in  1.915 seconds
Platform modules already initialized, skipping
Refreshing native plugins compatible for Editor in 0.75 ms, found 0 plugins.
Preloading 0 native plugins for Editor in 0.00 ms.
Unloading 1112 Unused Serialized files (Serialized files now loaded: 0)
System memory in use before: 57.3 MB.
System memory in use after: 57.4 MB.

Unloading 5 unused Assets to reduce memory usage. Loaded Objects now: 1592.
Total: 3.915200 ms (FindLiveObjects: 0.285100 ms CreateObjectMapping: 0.101600 ms MarkObjects: 3.407700 ms  DeleteObjects: 0.118400 ms)

========================================================================
Received Import Request.
  Time since last request: 191.192350 seconds.
  path: Assets/Scripts/PlayerRotate.cs
  artifactKey: Guid(5e8ccbd5c091a954485ce41629286a4a) Importer(815301076,1909f56bfc062723c751e8b465ee728b)
Start importing Assets/Scripts/PlayerRotate.cs using Guid(5e8ccbd5c091a954485ce41629286a4a) Importer(815301076,1909f56bfc062723c751e8b465ee728b)  -> (artifact id: 'd5b8789215791394fbf6984ae86dd0e7') in 0.037264 seconds
  Import took 0.088671 seconds .

========================================================================
Received Import Request.
  Time since last request: 2.880673 seconds.
  path: Assets/Scripts/PlayerRotate.cs
  artifactKey: Guid(5e8ccbd5c091a954485ce41629286a4a) Importer(815301076,1909f56bfc062723c751e8b465ee728b)
Start importing Assets/Scripts/PlayerRotate.cs using Guid(5e8ccbd5c091a954485ce41629286a4a) Importer(815301076,1909f56bfc062723c751e8b465ee728b)  -> (artifact id: 'd5b8789215791394fbf6984ae86dd0e7') in 0.016538 seconds
  Import took 0.019497 seconds .

========================================================================
Received Prepare
Registering precompiled user dll's ...
Registered in 0.000923 seconds.
Begin MonoManager ReloadAssembly
Native extension for WindowsStandalone target not found
Refreshing native plugins compatible for Editor in 0.74 ms, found 0 plugins.
Preloading 0 native plugins for Editor in 0.00 ms.
Mono: successfully reloaded assembly
- Completed reload, in  1.814 seconds
Platform modules already initialized, skipping
Refreshing native plugins compatible for Editor in 0.41 ms, found 0 plugins.
Preloading 0 native plugins for Editor in 0.00 ms.
Unloading 1112 Unused Serialized files (Serialized files now loaded: 0)
System memory in use before: 57.3 MB.
System memory in use after: 57.4 MB.

Unloading 5 unused Assets to reduce memory usage. Loaded Objects now: 1595.
Total: 6.422000 ms (FindLiveObjects: 0.256100 ms CreateObjectMapping: 0.093700 ms MarkObjects: 5.911700 ms  DeleteObjects: 0.157200 ms)

========================================================================
Received Prepare
Registering precompiled user dll's ...
Registered in 0.001191 seconds.
Begin MonoManager ReloadAssembly
Native extension for WindowsStandalone target not found
Refreshing native plugins compatible for Editor in 0.30 ms, found 0 plugins.
Preloading 0 native plugins for Editor in 0.00 ms.
Mono: successfully reloaded assembly
- Completed reload, in  1.737 seconds
Platform modules already initialized, skipping
Refreshing native plugins compatible for Editor in 0.46 ms, found 0 plugins.
Preloading 0 native plugins for Editor in 0.00 ms.
Unloading 1112 Unused Serialized files (Serialized files now loaded: 0)
System memory in use before: 57.3 MB.
System memory in use after: 57.4 MB.

Unloading 5 unused Assets to reduce memory usage. Loaded Objects now: 1598.
Total: 3.748800 ms (FindLiveObjects: 0.301400 ms CreateObjectMapping: 0.103600 ms MarkObjects: 3.100300 ms  DeleteObjects: 0.241200 ms)

========================================================================
Received Prepare
Registering precompiled user dll's ...
Registered in 0.005771 seconds.
Begin MonoManager ReloadAssembly
Native extension for WindowsStandalone target not found
Refreshing native plugins compatible for Editor in 0.40 ms, found 0 plugins.
Preloading 0 native plugins for Editor in 0.00 ms.
Mono: successfully reloaded assembly
- Completed reload, in  3.623 seconds
Platform modules already initialized, skipping
Refreshing native plugins compatible for Editor in 0.98 ms, found 0 plugins.
Preloading 0 native plugins for Editor in 0.00 ms.
Unloading 1112 Unused Serialized files (Serialized files now loaded: 0)
System memory in use before: 57.3 MB.
System memory in use after: 57.4 MB.

Unloading 5 unused Assets to reduce memory usage. Loaded Objects now: 1601.
Total: 12.334300 ms (FindLiveObjects: 0.395800 ms CreateObjectMapping: 0.135400 ms MarkObjects: 9.637900 ms  DeleteObjects: 2.161900 ms)

========================================================================
Received Prepare
Registering precompiled user dll's ...
Registered in 0.001853 seconds.
Begin MonoManager ReloadAssembly
Native extension for WindowsStandalone target not found
Refreshing native plugins compatible for Editor in 0.35 ms, found 0 plugins.
Preloading 0 native plugins for Editor in 0.00 ms.
Mono: successfully reloaded assembly
- Completed reload, in  2.543 seconds
Platform modules already initialized, skipping
Refreshing native plugins compatible for Editor in 0.26 ms, found 0 plugins.
Preloading 0 native plugins for Editor in 0.00 ms.
Unloading 1112 Unused Serialized files (Serialized files now loaded: 0)
System memory in use before: 57.3 MB.
System memory in use after: 57.4 MB.

Unloading 5 unused Assets to reduce memory usage. Loaded Objects now: 1604.
Total: 3.115800 ms (FindLiveObjects: 0.271600 ms CreateObjectMapping: 0.081600 ms MarkObjects: 2.685500 ms  DeleteObjects: 0.075100 ms)

========================================================================
Received Prepare
Registering precompiled user dll's ...
Registered in 0.001924 seconds.
Begin MonoManager ReloadAssembly
Native extension for WindowsStandalone target not found
Refreshing native plugins compatible for Editor in 0.45 ms, found 0 plugins.
Preloading 0 native plugins for Editor in 0.00 ms.
Mono: successfully reloaded assembly
- Completed reload, in  1.942 seconds
Platform modules already initialized, skipping
Refreshing native plugins compatible for Editor in 0.28 ms, found 0 plugins.
Preloading 0 native plugins for Editor in 0.00 ms.
Unloading 1112 Unused Serialized files (Serialized files now loaded: 0)
System memory in use before: 57.3 MB.
System memory in use after: 57.4 MB.

Unloading 5 unused Assets to reduce memory usage. Loaded Objects now: 1607.
Total: 2.467800 ms (FindLiveObjects: 0.176100 ms CreateObjectMapping: 0.068600 ms MarkObjects: 2.144300 ms  DeleteObjects: 0.076700 ms)

========================================================================
Received Prepare
Registering precompiled user dll's ...
Registered in 0.003673 seconds.
Begin MonoManager ReloadAssembly
Native extension for WindowsStandalone target not found
Refreshing native plugins compatible for Editor in 0.89 ms, found 0 plugins.
Preloading 0 native plugins for Editor in 0.00 ms.
Mono: successfully reloaded assembly
- Completed reload, in  3.435 seconds
Platform modules already initialized, skipping
Refreshing native plugins compatible for Editor in 0.36 ms, found 0 plugins.
Preloading 0 native plugins for Editor in 0.00 ms.
Unloading 1112 Unused Serialized files (Serialized files now loaded: 0)
System memory in use before: 57.3 MB.
System memory in use after: 57.4 MB.

Unloading 5 unused Assets to reduce memory usage. Loaded Objects now: 1610.
Total: 3.529300 ms (FindLiveObjects: 0.273200 ms CreateObjectMapping: 0.083000 ms MarkObjects: 3.088400 ms  DeleteObjects: 0.082000 ms)

========================================================================
Received Prepare
Registering precompiled user dll's ...
Registered in 0.001070 seconds.
Begin MonoManager ReloadAssembly
Native extension for WindowsStandalone target not found
Refreshing native plugins compatible for Editor in 0.46 ms, found 0 plugins.
Preloading 0 native plugins for Editor in 0.00 ms.
Mono: successfully reloaded assembly
- Completed reload, in  1.914 seconds
Platform modules already initialized, skipping
Refreshing native plugins compatible for Editor in 0.30 ms, found 0 plugins.
Preloading 0 native plugins for Editor in 0.00 ms.
Unloading 1112 Unused Serialized files (Serialized files now loaded: 0)
System memory in use before: 57.3 MB.
System memory in use after: 57.4 MB.

Unloading 5 unused Assets to reduce memory usage. Loaded Objects now: 1613.
Total: 2.717600 ms (FindLiveObjects: 0.286200 ms CreateObjectMapping: 0.120800 ms MarkObjects: 2.228600 ms  DeleteObjects: 0.080400 ms)

========================================================================
Received Prepare
Registering precompiled user dll's ...
Registered in 0.002867 seconds.
Begin MonoManager ReloadAssembly
Native extension for WindowsStandalone target not found
Refreshing native plugins compatible for Editor in 0.44 ms, found 0 plugins.
Preloading 0 native plugins for Editor in 0.00 ms.
Mono: successfully reloaded assembly
- Completed reload, in  2.233 seconds
Platform modules already initialized, skipping
Refreshing native plugins compatible for Editor in 0.30 ms, found 0 plugins.
Preloading 0 native plugins for Editor in 0.00 ms.
Unloading 1112 Unused Serialized files (Serialized files now loaded: 0)
System memory in use before: 57.3 MB.
System memory in use after: 57.4 MB.

Unloading 5 unused Assets to reduce memory usage. Loaded Objects now: 1616.
Total: 3.796500 ms (FindLiveObjects: 0.253400 ms CreateObjectMapping: 0.064200 ms MarkObjects: 3.359500 ms  DeleteObjects: 0.116900 ms)

========================================================================
Received Import Request.
  Time since last request: 2508.541212 seconds.
  path: Assets/Scripts/PlayerRotate.cs
  artifactKey: Guid(5e8ccbd5c091a954485ce41629286a4a) Importer(815301076,1909f56bfc062723c751e8b465ee728b)
Start importing Assets/Scripts/PlayerRotate.cs using Guid(5e8ccbd5c091a954485ce41629286a4a) Importer(815301076,1909f56bfc062723c751e8b465ee728b)  -> (artifact id: 'fa749ff8c1407fe2727fa714293679ba') in 0.228161 seconds
  Import took 0.234799 seconds .

========================================================================
Received Prepare
Registering precompiled user dll's ...
Registered in 0.002372 seconds.
Begin MonoManager ReloadAssembly
Native extension for WindowsStandalone target not found
Refreshing native plugins compatible for Editor in 0.31 ms, found 0 plugins.
Preloading 0 native plugins for Editor in 0.00 ms.
Mono: successfully reloaded assembly
- Completed reload, in  1.813 seconds
Platform modules already initialized, skipping
Refreshing native plugins compatible for Editor in 0.30 ms, found 0 plugins.
Preloading 0 native plugins for Editor in 0.00 ms.
Unloading 1112 Unused Serialized files (Serialized files now loaded: 0)
System memory in use before: 57.4 MB.
System memory in use after: 57.4 MB.

Unloading 5 unused Assets to reduce memory usage. Loaded Objects now: 1619.
Total: 2.641700 ms (FindLiveObjects: 0.193600 ms CreateObjectMapping: 0.054300 ms MarkObjects: 2.314700 ms  DeleteObjects: 0.077400 ms)

========================================================================
Received Prepare
Registering precompiled user dll's ...
Registered in 0.001710 seconds.
Begin MonoManager ReloadAssembly
Native extension for WindowsStandalone target not found
Refreshing native plugins compatible for Editor in 0.45 ms, found 0 plugins.
Preloading 0 native plugins for Editor in 0.00 ms.
Mono: successfully reloaded assembly
- Completed reload, in  2.650 seconds
Platform modules already initialized, skipping
Refreshing native plugins compatible for Editor in 0.47 ms, found 0 plugins.
Preloading 0 native plugins for Editor in 0.00 ms.
Unloading 1112 Unused Serialized files (Serialized files now loaded: 0)
System memory in use before: 57.4 MB.
System memory in use after: 57.4 MB.

Unloading 5 unused Assets to reduce memory usage. Loaded Objects now: 1622.
Total: 4.804400 ms (FindLiveObjects: 0.342200 ms CreateObjectMapping: 0.096400 ms MarkObjects: 4.232200 ms  DeleteObjects: 0.130300 ms)

========================================================================
Received Prepare
Registering precompiled user dll's ...
Registered in 0.000953 seconds.
Begin MonoManager ReloadAssembly
Native extension for WindowsStandalone target not found
Refreshing native plugins compatible for Editor in 1.18 ms, found 0 plugins.
Preloading 0 native plugins for Editor in 0.00 ms.
Mono: successfully reloaded assembly
- Completed reload, in  2.651 seconds
Platform modules already initialized, skipping
Refreshing native plugins compatible for Editor in 0.39 ms, found 0 plugins.
Preloading 0 native plugins for Editor in 0.00 ms.
Unloading 1112 Unused Serialized files (Serialized files now loaded: 0)
System memory in use before: 57.4 MB.
System memory in use after: 57.4 MB.

Unloading 5 unused Assets to reduce memory usage. Loaded Objects now: 1625.
Total: 4.400100 ms (FindLiveObjects: 0.287300 ms CreateObjectMapping: 0.085800 ms MarkObjects: 3.905000 ms  DeleteObjects: 0.119600 ms)

========================================================================
Received Prepare
Registering precompiled user dll's ...
Registered in 0.001029 seconds.
Begin MonoManager ReloadAssembly
Native extension for WindowsStandalone target not found
Refreshing native plugins compatible for Editor in 0.69 ms, found 0 plugins.
Preloading 0 native plugins for Editor in 0.00 ms.
Mono: successfully reloaded assembly
- Completed reload, in  2.907 seconds
Platform modules already initialized, skipping
Refreshing native plugins compatible for Editor in 1.71 ms, found 0 plugins.
Preloading 0 native plugins for Editor in 0.00 ms.
Unloading 1112 Unused Serialized files (Serialized files now loaded: 0)
System memory in use before: 57.4 MB.
System memory in use after: 57.4 MB.

Unloading 5 unused Assets to reduce memory usage. Loaded Objects now: 1628.
Total: 3.767900 ms (FindLiveObjects: 0.303100 ms CreateObjectMapping: 0.075000 ms MarkObjects: 3.270900 ms  DeleteObjects: 0.116200 ms)

========================================================================
Received Prepare
Registering precompiled user dll's ...
Registered in 0.001589 seconds.
Begin MonoManager ReloadAssembly
Native extension for WindowsStandalone target not found
Refreshing native plugins compatible for Editor in 0.81 ms, found 0 plugins.
Preloading 0 native plugins for Editor in 0.00 ms.
Mono: successfully reloaded assembly
- Completed reload, in  2.051 seconds
Platform modules already initialized, skipping
Refreshing native plugins compatible for Editor in 0.70 ms, found 0 plugins.
Preloading 0 native plugins for Editor in 0.00 ms.
Unloading 1112 Unused Serialized files (Serialized files now loaded: 0)
System memory in use before: 57.4 MB.
System memory in use after: 57.4 MB.

Unloading 5 unused Assets to reduce memory usage. Loaded Objects now: 1631.
Total: 4.261600 ms (FindLiveObjects: 0.305300 ms CreateObjectMapping: 0.089600 ms MarkObjects: 3.753200 ms  DeleteObjects: 0.110700 ms)

========================================================================
Received Prepare
Registering precompiled user dll's ...
Registered in 0.001623 seconds.
Begin MonoManager ReloadAssembly
Native extension for WindowsStandalone target not found
Refreshing native plugins compatible for Editor in 0.43 ms, found 0 plugins.
Preloading 0 native plugins for Editor in 0.00 ms.
Mono: successfully reloaded assembly
- Completed reload, in  2.269 seconds
Platform modules already initialized, skipping
Refreshing native plugins compatible for Editor in 0.39 ms, found 0 plugins.
Preloading 0 native plugins for Editor in 0.00 ms.
Unloading 1112 Unused Serialized files (Serialized files now loaded: 0)
System memory in use before: 57.4 MB.
System memory in use after: 57.5 MB.

Unloading 5 unused Assets to reduce memory usage. Loaded Objects now: 1634.
Total: 4.589400 ms (FindLiveObjects: 0.419100 ms CreateObjectMapping: 0.175400 ms MarkObjects: 3.849300 ms  DeleteObjects: 0.141700 ms)

========================================================================
Received Prepare
Registering precompiled user dll's ...
Registered in 0.001115 seconds.
Begin MonoManager ReloadAssembly
Native extension for WindowsStandalone target not found
Refreshing native plugins compatible for Editor in 0.43 ms, found 0 plugins.
Preloading 0 native plugins for Editor in 0.00 ms.
Mono: successfully reloaded assembly
- Completed reload, in  2.555 seconds
Platform modules already initialized, skipping
Refreshing native plugins compatible for Editor in 0.40 ms, found 0 plugins.
Preloading 0 native plugins for Editor in 0.00 ms.
Unloading 1112 Unused Serialized files (Serialized files now loaded: 0)
System memory in use before: 57.4 MB.
System memory in use after: 57.5 MB.

Unloading 5 unused Assets to reduce memory usage. Loaded Objects now: 1637.
Total: 5.302800 ms (FindLiveObjects: 0.454500 ms CreateObjectMapping: 0.142000 ms MarkObjects: 4.587500 ms  DeleteObjects: 0.115900 ms)

========================================================================
Received Prepare
Registering precompiled user dll's ...
Registered in 0.001556 seconds.
Begin MonoManager ReloadAssembly
Native extension for WindowsStandalone target not found
Refreshing native plugins compatible for Editor in 0.32 ms, found 0 plugins.
Preloading 0 native plugins for Editor in 0.00 ms.
Mono: successfully reloaded assembly
- Completed reload, in  2.085 seconds
Platform modules already initialized, skipping
Refreshing native plugins compatible for Editor in 0.34 ms, found 0 plugins.
Preloading 0 native plugins for Editor in 0.00 ms.
Unloading 1112 Unused Serialized files (Serialized files now loaded: 0)
System memory in use before: 57.4 MB.
System memory in use after: 57.5 MB.

Unloading 5 unused Assets to reduce memory usage. Loaded Objects now: 1640.
Total: 3.495600 ms (FindLiveObjects: 0.229700 ms CreateObjectMapping: 0.066700 ms MarkObjects: 3.108100 ms  DeleteObjects: 0.089100 ms)

========================================================================
Received Prepare
Registering precompiled user dll's ...
Registered in 0.001906 seconds.
Begin MonoManager ReloadAssembly
Native extension for WindowsStandalone target not found
Refreshing native plugins compatible for Editor in 0.33 ms, found 0 plugins.
Preloading 0 native plugins for Editor in 0.00 ms.
Mono: successfully reloaded assembly
- Completed reload, in  2.488 seconds
Platform modules already initialized, skipping
Refreshing native plugins compatible for Editor in 0.47 ms, found 0 plugins.
Preloading 0 native plugins for Editor in 0.00 ms.
Unloading 1112 Unused Serialized files (Serialized files now loaded: 0)
System memory in use before: 57.4 MB.
System memory in use after: 57.5 MB.

Unloading 5 unused Assets to reduce memory usage. Loaded Objects now: 1643.
Total: 4.159800 ms (FindLiveObjects: 0.294300 ms CreateObjectMapping: 0.197600 ms MarkObjects: 3.541500 ms  DeleteObjects: 0.124000 ms)

========================================================================
Received Prepare
Registering precompiled user dll's ...
Registered in 0.001669 seconds.
Begin MonoManager ReloadAssembly
Native extension for WindowsStandalone target not found
Refreshing native plugins compatible for Editor in 0.29 ms, found 0 plugins.
Preloading 0 native plugins for Editor in 0.00 ms.
Mono: successfully reloaded assembly
- Completed reload, in  1.779 seconds
Platform modules already initialized, skipping
Refreshing native plugins compatible for Editor in 0.31 ms, found 0 plugins.
Preloading 0 native plugins for Editor in 0.00 ms.
Unloading 1112 Unused Serialized files (Serialized files now loaded: 0)
System memory in use before: 57.4 MB.
System memory in use after: 57.5 MB.

Unloading 5 unused Assets to reduce memory usage. Loaded Objects now: 1646.
Total: 3.611900 ms (FindLiveObjects: 0.282500 ms CreateObjectMapping: 0.080400 ms MarkObjects: 3.152600 ms  DeleteObjects: 0.094400 ms)

========================================================================
Received Prepare
Registering precompiled user dll's ...
Registered in 0.000872 seconds.
Begin MonoManager ReloadAssembly
Native extension for WindowsStandalone target not found
Refreshing native plugins compatible for Editor in 0.32 ms, found 0 plugins.
Preloading 0 native plugins for Editor in 0.00 ms.
Mono: successfully reloaded assembly
- Completed reload, in  1.937 seconds
Platform modules already initialized, skipping
Refreshing native plugins compatible for Editor in 0.37 ms, found 0 plugins.
Preloading 0 native plugins for Editor in 0.00 ms.
Unloading 1112 Unused Serialized files (Serialized files now loaded: 0)
System memory in use before: 57.4 MB.
System memory in use after: 57.5 MB.

Unloading 5 unused Assets to reduce memory usage. Loaded Objects now: 1649.
Total: 4.109700 ms (FindLiveObjects: 0.210400 ms CreateObjectMapping: 0.054400 ms MarkObjects: 3.753700 ms  DeleteObjects: 0.089500 ms)

========================================================================
Received Prepare
Registering precompiled user dll's ...
Registered in 0.000746 seconds.
Begin MonoManager ReloadAssembly
Native extension for WindowsStandalone target not found
Refreshing native plugins compatible for Editor in 0.26 ms, found 0 plugins.
Preloading 0 native plugins for Editor in 0.00 ms.
Mono: successfully reloaded assembly
- Completed reload, in  1.121 seconds
Platform modules already initialized, skipping
Refreshing native plugins compatible for Editor in 0.22 ms, found 0 plugins.
Preloading 0 native plugins for Editor in 0.00 ms.
Unloading 1112 Unused Serialized files (Serialized files now loaded: 0)
System memory in use before: 57.4 MB.
System memory in use after: 57.5 MB.

Unloading 5 unused Assets to reduce memory usage. Loaded Objects now: 1652.
Total: 5.083500 ms (FindLiveObjects: 1.635500 ms CreateObjectMapping: 0.093500 ms MarkObjects: 3.283400 ms  DeleteObjects: 0.069100 ms)

========================================================================
Received Prepare
Registering precompiled user dll's ...
Registered in 0.009050 seconds.
Begin MonoManager ReloadAssembly
Native extension for WindowsStandalone target not found
Refreshing native plugins compatible for Editor in 0.74 ms, found 0 plugins.
Preloading 0 native plugins for Editor in 0.00 ms.
Mono: successfully reloaded assembly
- Completed reload, in  2.927 seconds
Platform modules already initialized, skipping
Refreshing native plugins compatible for Editor in 0.65 ms, found 0 plugins.
Preloading 0 native plugins for Editor in 0.00 ms.
Unloading 1112 Unused Serialized files (Serialized files now loaded: 0)
System memory in use before: 57.4 MB.
System memory in use after: 57.5 MB.

Unloading 5 unused Assets to reduce memory usage. Loaded Objects now: 1655.
Total: 5.093400 ms (FindLiveObjects: 0.538100 ms CreateObjectMapping: 0.160000 ms MarkObjects: 4.272900 ms  DeleteObjects: 0.119600 ms)

========================================================================
Received Prepare
Registering precompiled user dll's ...
Registered in 0.001239 seconds.
Begin MonoManager ReloadAssembly
Native extension for WindowsStandalone target not found
Refreshing native plugins compatible for Editor in 0.37 ms, found 0 plugins.
Preloading 0 native plugins for Editor in 0.00 ms.
Mono: successfully reloaded assembly
- Completed reload, in  2.245 seconds
Platform modules already initialized, skipping
Refreshing native plugins compatible for Editor in 0.47 ms, found 0 plugins.
Preloading 0 native plugins for Editor in 0.00 ms.
Unloading 1112 Unused Serialized files (Serialized files now loaded: 0)
System memory in use before: 57.4 MB.
System memory in use after: 57.5 MB.

Unloading 5 unused Assets to reduce memory usage. Loaded Objects now: 1658.
Total: 2.734800 ms (FindLiveObjects: 0.243900 ms CreateObjectMapping: 0.058900 ms MarkObjects: 2.336200 ms  DeleteObjects: 0.093900 ms)

========================================================================
Received Prepare
Registering precompiled user dll's ...
Registered in 0.003164 seconds.
Begin MonoManager ReloadAssembly
Native extension for WindowsStandalone target not found
Refreshing native plugins compatible for Editor in 0.55 ms, found 0 plugins.
Preloading 0 native plugins for Editor in 0.00 ms.
Mono: successfully reloaded assembly
- Completed reload, in  2.990 seconds
Platform modules already initialized, skipping
Refreshing native plugins compatible for Editor in 0.35 ms, found 0 plugins.
Preloading 0 native plugins for Editor in 0.00 ms.
Unloading 1112 Unused Serialized files (Serialized files now loaded: 0)
System memory in use before: 57.4 MB.
System memory in use after: 57.5 MB.

Unloading 5 unused Assets to reduce memory usage. Loaded Objects now: 1661.
Total: 4.008100 ms (FindLiveObjects: 0.244700 ms CreateObjectMapping: 0.064600 ms MarkObjects: 3.611300 ms  DeleteObjects: 0.085600 ms)

========================================================================
Received Import Request.
  Time since last request: 2992.133143 seconds.
  path: Assets/Prefabs
  artifactKey: Guid(b2251683679df2e4e88889f3a2a25dbf) Importer(815301076,1909f56bfc062723c751e8b465ee728b)
Start importing Assets/Prefabs using Guid(b2251683679df2e4e88889f3a2a25dbf) Importer(815301076,1909f56bfc062723c751e8b465ee728b)  -> (artifact id: '9cb44a1c361d3148b5229b6c3b071051') in 0.021273 seconds
  Import took 0.024995 seconds .

========================================================================
Received Import Request.
  Time since last request: 3.609881 seconds.
  path: Assets/Prefabs/Bullet.prefab
  artifactKey: Guid(2d3fa13a9ead6cf45b0692d7500ea207) Importer(815301076,1909f56bfc062723c751e8b465ee728b)
Start importing Assets/Prefabs/Bullet.prefab using Guid(2d3fa13a9ead6cf45b0692d7500ea207) Importer(815301076,1909f56bfc062723c751e8b465ee728b)  -> (artifact id: '6f8f0c30deea481b0c94995be766b885') in 0.214651 seconds
  Import took 0.218023 seconds .

========================================================================
Received Import Request.
  Time since last request: 15.887619 seconds.
  path: Assets/Scripts/PlayerFire.cs
  artifactKey: Guid(289eaf640fe3bd9468431ba92fd5ddfd) Importer(815301076,1909f56bfc062723c751e8b465ee728b)
Start importing Assets/Scripts/PlayerFire.cs using Guid(289eaf640fe3bd9468431ba92fd5ddfd) Importer(815301076,1909f56bfc062723c751e8b465ee728b)  -> (artifact id: '0e5a676281e79e1d7cbb2079227b4984') in 0.045730 seconds
  Import took 0.053509 seconds .

========================================================================
Received Prepare
Registering precompiled user dll's ...
Registered in 0.000681 seconds.
Begin MonoManager ReloadAssembly
Native extension for WindowsStandalone target not found
Refreshing native plugins compatible for Editor in 0.28 ms, found 0 plugins.
Preloading 0 native plugins for Editor in 0.00 ms.
Mono: successfully reloaded assembly
- Completed reload, in  1.370 seconds
Platform modules already initialized, skipping
Refreshing native plugins compatible for Editor in 0.21 ms, found 0 plugins.
Preloading 0 native plugins for Editor in 0.00 ms.
Unloading 1113 Unused Serialized files (Serialized files now loaded: 0)
System memory in use before: 60.6 MB.
System memory in use after: 60.7 MB.

Unloading 6 unused Assets to reduce memory usage. Loaded Objects now: 1673.
Total: 2.076500 ms (FindLiveObjects: 0.201600 ms CreateObjectMapping: 0.034500 ms MarkObjects: 1.750300 ms  DeleteObjects: 0.088700 ms)

========================================================================
Received Prepare
Registering precompiled user dll's ...
Registered in 0.000744 seconds.
Begin MonoManager ReloadAssembly
Native extension for WindowsStandalone target not found
Refreshing native plugins compatible for Editor in 0.22 ms, found 0 plugins.
Preloading 0 native plugins for Editor in 0.00 ms.
Mono: successfully reloaded assembly
- Completed reload, in  1.080 seconds
Platform modules already initialized, skipping
Refreshing native plugins compatible for Editor in 0.22 ms, found 0 plugins.
Preloading 0 native plugins for Editor in 0.00 ms.
Unloading 1113 Unused Serialized files (Serialized files now loaded: 0)
System memory in use before: 60.6 MB.
System memory in use after: 60.7 MB.

Unloading 5 unused Assets to reduce memory usage. Loaded Objects now: 1676.
Total: 1.860600 ms (FindLiveObjects: 0.153500 ms CreateObjectMapping: 0.040300 ms MarkObjects: 1.612400 ms  DeleteObjects: 0.053300 ms)

========================================================================
Received Import Request.
  Time since last request: 35.181875 seconds.
  path: Assets/Scripts/PlayerFire.cs
  artifactKey: Guid(289eaf640fe3bd9468431ba92fd5ddfd) Importer(815301076,1909f56bfc062723c751e8b465ee728b)
Start importing Assets/Scripts/PlayerFire.cs using Guid(289eaf640fe3bd9468431ba92fd5ddfd) Importer(815301076,1909f56bfc062723c751e8b465ee728b)  -> (artifact id: '8e475dd8ba1783ce2fe120965bfcee33') in 0.006876 seconds
  Import took 0.014174 seconds .

========================================================================
Received Prepare
Registering precompiled user dll's ...
Registered in 0.002283 seconds.
Begin MonoManager ReloadAssembly
Native extension for WindowsStandalone target not found
Refreshing native plugins compatible for Editor in 0.27 ms, found 0 plugins.
Preloading 0 native plugins for Editor in 0.00 ms.
Mono: successfully reloaded assembly
- Completed reload, in  0.880 seconds
Platform modules already initialized, skipping
Shader 'WFX/Transparent Specular': fallback shader 'Particles/Alpha Blended' not found
Shader 'WFX/Transparent Diffuse': fallback shader 'Particles/Alpha Blended' not found
Shader 'WFX/Transparent Specular': fallback shader 'Particles/Alpha Blended' not found
Shader 'WFX/Transparent Diffuse': fallback shader 'Particles/Alpha Blended' not found
Refreshing native plugins compatible for Editor in 0.40 ms, found 0 plugins.
Preloading 0 native plugins for Editor in 0.00 ms.
Unloading 1130 Unused Serialized files (Serialized files now loaded: 0)
System memory in use before: 62.4 MB.
System memory in use after: 62.0 MB.

Unloading 16 unused Assets to reduce memory usage. Loaded Objects now: 1685.
Total: 3.150800 ms (FindLiveObjects: 0.273600 ms CreateObjectMapping: 0.075300 ms MarkObjects: 2.508400 ms  DeleteObjects: 0.291700 ms)

========================================================================
Received Import Request.
  Time since last request: 157.416570 seconds.
  path: Assets/JMO Assets/WarFX/Mesh
  artifactKey: Guid(f77de7cb780fd6b4bb8db8b51162c1b6) Importer(815301076,1909f56bfc062723c751e8b465ee728b)
Start importing Assets/JMO Assets/WarFX/Mesh using Guid(f77de7cb780fd6b4bb8db8b51162c1b6) Importer(815301076,1909f56bfc062723c751e8b465ee728b)  -> (artifact id: '9f541f81fa3634b92dfc03b17cbed979') in 0.029498 seconds
  Import took 0.032531 seconds .

========================================================================
Received Import Request.
  Time since last request: 0.383972 seconds.
  path: Assets/JMO Assets/WarFX/Scripts
  artifactKey: Guid(6b2cbf6bed65b8d4989bb74e47046392) Importer(815301076,1909f56bfc062723c751e8b465ee728b)
Start importing Assets/JMO Assets/WarFX/Scripts using Guid(6b2cbf6bed65b8d4989bb74e47046392) Importer(815301076,1909f56bfc062723c751e8b465ee728b)  -> (artifact id: '9db4ae2df95bd64f2bd7484a77804e34') in 0.018073 seconds
  Import took 0.020960 seconds .

========================================================================
Received Import Request.
  Time since last request: 1.676903 seconds.
  path: Assets/JMO Assets/WarFX/_Effects
  artifactKey: Guid(71faefa77e7fc274fa230519616d3c3f) Importer(815301076,1909f56bfc062723c751e8b465ee728b)
Start importing Assets/JMO Assets/WarFX/_Effects using Guid(71faefa77e7fc274fa230519616d3c3f) Importer(815301076,1909f56bfc062723c751e8b465ee728b)  -> (artifact id: 'eacebe9a10a2e01ffaad209f2bf8e9f4') in 0.016965 seconds
  Import took 0.019623 seconds .

========================================================================
Received Import Request.
  Time since last request: 1.627787 seconds.
  path: Assets/JMO Assets/WarFX/Shaders
  artifactKey: Guid(76d80da38348456428f40ad47fa7c359) Importer(815301076,1909f56bfc062723c751e8b465ee728b)
Start importing Assets/JMO Assets/WarFX/Shaders using Guid(76d80da38348456428f40ad47fa7c359) Importer(815301076,1909f56bfc062723c751e8b465ee728b)  -> (artifact id: '2a86bed35f62eca892fafb0336b8b8ea') in 0.017892 seconds
  Import took 0.020376 seconds .

========================================================================
Received Import Request.
  Time since last request: 7.876021 seconds.
  path: Assets/JMO Assets/WarFX/_Effects/Bullet Impacts
  artifactKey: Guid(6eccb7210bb2e95408062d2f52be5ac9) Importer(815301076,1909f56bfc062723c751e8b465ee728b)
Start importing Assets/JMO Assets/WarFX/_Effects/Bullet Impacts using Guid(6eccb7210bb2e95408062d2f52be5ac9) Importer(815301076,1909f56bfc062723c751e8b465ee728b)  -> (artifact id: '95e3999c69ca020ddc0b18ff9789c326') in 0.022117 seconds
  Import took 0.028520 seconds .

========================================================================
Received Import Request.
  Time since last request: 1.589626 seconds.
  path: Assets/JMO Assets/WarFX/_Effects/Bullet Impacts/WFX_BImpact Metal.prefab
  artifactKey: Guid(00fedc70b62a31e448e8ccc298257b56) Importer(815301076,1909f56bfc062723c751e8b465ee728b)
Start importing Assets/JMO Assets/WarFX/_Effects/Bullet Impacts/WFX_BImpact Metal.prefab using Guid(00fedc70b62a31e448e8ccc298257b56) Importer(815301076,1909f56bfc062723c751e8b465ee728b)  -> (artifact id: '14b112d2af150f9437bd81e09f74fe56') in 0.066034 seconds
  Import took 0.069710 seconds .

========================================================================
Received Import Request.
  Time since last request: 0.000084 seconds.
  path: Assets/JMO Assets/WarFX/Desktop/Materials/Misc/WFX_M_GlowCircle Add.mat
  artifactKey: Guid(cd8002f70c22e4840bffd510c84d3c10) Importer(815301076,1909f56bfc062723c751e8b465ee728b)
Start importing Assets/JMO Assets/WarFX/Desktop/Materials/Misc/WFX_M_GlowCircle Add.mat using Guid(cd8002f70c22e4840bffd510c84d3c10) Importer(815301076,1909f56bfc062723c751e8b465ee728b)  -> (artifact id: 'f81375092caedd083704bc44c52d13b0') in 0.158041 seconds
  Import took 0.160625 seconds .

========================================================================
Received Prepare
Registering precompiled user dll's ...
Registered in 0.008192 seconds.
Begin MonoManager ReloadAssembly
Native extension for WindowsStandalone target not found
Refreshing native plugins compatible for Editor in 0.33 ms, found 0 plugins.
Preloading 0 native plugins for Editor in 0.00 ms.
Mono: successfully reloaded assembly
- Completed reload, in  1.736 seconds
Platform modules already initialized, skipping
Refreshing native plugins compatible for Editor in 0.30 ms, found 0 plugins.
Preloading 0 native plugins for Editor in 0.00 ms.
Unloading 1113 Unused Serialized files (Serialized files now loaded: 0)
System memory in use before: 60.9 MB.
System memory in use after: 61.0 MB.

Unloading 10 unused Assets to reduce memory usage. Loaded Objects now: 1717.
Total: 2.401400 ms (FindLiveObjects: 0.247300 ms CreateObjectMapping: 0.047300 ms MarkObjects: 2.025100 ms  DeleteObjects: 0.080000 ms)

========================================================================
Received Prepare
Registering precompiled user dll's ...
Registered in 0.001802 seconds.
Begin MonoManager ReloadAssembly
Native extension for WindowsStandalone target not found
Refreshing native plugins compatible for Editor in 0.37 ms, found 0 plugins.
Preloading 0 native plugins for Editor in 0.00 ms.
Mono: successfully reloaded assembly
- Completed reload, in  1.647 seconds
Platform modules already initialized, skipping
Shader 'WFX/Transparent Specular': fallback shader 'Particles/Alpha Blended' not found
Shader 'WFX/Transparent Diffuse': fallback shader 'Particles/Alpha Blended' not found
Shader 'WFX/Transparent Diffuse': fallback shader 'Particles/Alpha Blended' not found
Shader 'WFX/Transparent Specular': fallback shader 'Particles/Alpha Blended' not found
Refreshing native plugins compatible for Editor in 0.34 ms, found 0 plugins.
Preloading 0 native plugins for Editor in 0.00 ms.
Unloading 1140 Unused Serialized files (Serialized files now loaded: 0)
System memory in use before: 62.9 MB.
System memory in use after: 62.5 MB.

Unloading 15 unused Assets to reduce memory usage. Loaded Objects now: 1736.
Total: 3.033600 ms (FindLiveObjects: 0.221900 ms CreateObjectMapping: 0.065900 ms MarkObjects: 2.382900 ms  DeleteObjects: 0.361500 ms)

========================================================================
Received Import Request.
  Time since last request: 2045.604803 seconds.
  path: Assets/JMO Assets
  artifactKey: Guid(ec2442ab092fb9f4da2ebc51a1dff52b) Importer(815301076,1909f56bfc062723c751e8b465ee728b)
Start importing Assets/JMO Assets using Guid(ec2442ab092fb9f4da2ebc51a1dff52b) Importer(815301076,1909f56bfc062723c751e8b465ee728b)  -> (artifact id: 'b7a1eccb270716ee6de43447db820377') in 0.033083 seconds
  Import took 0.037422 seconds .

========================================================================
Received Import Request.
  Time since last request: 1.111150 seconds.
  path: Assets/JMO Assets/WarFX
  artifactKey: Guid(bf67b04f7e403384eb93f422cf479252) Importer(815301076,1909f56bfc062723c751e8b465ee728b)
Start importing Assets/JMO Assets/WarFX using Guid(bf67b04f7e403384eb93f422cf479252) Importer(815301076,1909f56bfc062723c751e8b465ee728b)  -> (artifact id: '09b571de13ad276949b3c755d4eb62d6') in 0.021371 seconds
  Import took 0.024511 seconds .

========================================================================
Received Prepare
Registering precompiled user dll's ...
Registered in 0.001347 seconds.
Begin MonoManager ReloadAssembly
Native extension for WindowsStandalone target not found
Refreshing native plugins compatible for Editor in 0.26 ms, found 0 plugins.
Preloading 0 native plugins for Editor in 0.00 ms.
Mono: successfully reloaded assembly
- Completed reload, in  0.983 seconds
Platform modules already initialized, skipping
Shader 'WFX/Transparent Specular': fallback shader 'Particles/Alpha Blended' not found
Shader 'WFX/Transparent Diffuse': fallback shader 'Particles/Alpha Blended' not found
Shader 'WFX/Transparent Diffuse': fallback shader 'Particles/Alpha Blended' not found
Shader 'WFX/Transparent Specular': fallback shader 'Particles/Alpha Blended' not found
Refreshing native plugins compatible for Editor in 0.25 ms, found 0 plugins.
Preloading 0 native plugins for Editor in 0.00 ms.
Unloading 1139 Unused Serialized files (Serialized files now loaded: 0)
System memory in use before: 62.8 MB.
System memory in use after: 62.4 MB.

Unloading 15 unused Assets to reduce memory usage. Loaded Objects now: 1739.
Total: 2.375900 ms (FindLiveObjects: 0.209900 ms CreateObjectMapping: 0.034500 ms MarkObjects: 1.850300 ms  DeleteObjects: 0.279900 ms)

========================================================================
Received Import Request.
  Time since last request: 101.420288 seconds.
  path: Assets/Image/aim.png
  artifactKey: Guid(14e5db31213d91243830ea9bfae9c488) Importer(815301076,1909f56bfc062723c751e8b465ee728b)
Start importing Assets/Image/aim.png using Guid(14e5db31213d91243830ea9bfae9c488) Importer(815301076,1909f56bfc062723c751e8b465ee728b)  -> (artifact id: '2fde626e12a0bf7be45a9f94716855c2') in 0.181061 seconds
  Import took 0.184834 seconds .

========================================================================
Received Prepare
Registering precompiled user dll's ...
Registered in 0.001768 seconds.
Begin MonoManager ReloadAssembly
Native extension for WindowsStandalone target not found
Refreshing native plugins compatible for Editor in 0.88 ms, found 0 plugins.
Preloading 0 native plugins for Editor in 0.00 ms.
Mono: successfully reloaded assembly
- Completed reload, in  3.116 seconds
Platform modules already initialized, skipping
Shader 'WFX/Transparent Specular': fallback shader 'Particles/Alpha Blended' not found
Shader 'WFX/Transparent Diffuse': fallback shader 'Particles/Alpha Blended' not found
Shader 'WFX/Transparent Specular': fallback shader 'Particles/Alpha Blended' not found
Shader 'WFX/Transparent Diffuse': fallback shader 'Particles/Alpha Blended' not found
Refreshing native plugins compatible for Editor in 0.59 ms, found 0 plugins.
Preloading 0 native plugins for Editor in 0.00 ms.
Unloading 1139 Unused Serialized files (Serialized files now loaded: 0)
System memory in use before: 62.8 MB.
System memory in use after: 62.4 MB.

Unloading 15 unused Assets to reduce memory usage. Loaded Objects now: 1743.
Total: 4.397000 ms (FindLiveObjects: 0.301700 ms CreateObjectMapping: 0.100500 ms MarkObjects: 3.432700 ms  DeleteObjects: 0.559600 ms)

========================================================================
Received Import Request.
  Time since last request: 90.005756 seconds.
  path: Assets/JMO Assets/WarFX/Desktop/Materials/Impacts/WFX_M_Sparks Metal.mat
  artifactKey: Guid(f694f40c6e4a192408764416581ed108) Importer(815301076,1909f56bfc062723c751e8b465ee728b)
Start importing Assets/JMO Assets/WarFX/Desktop/Materials/Impacts/WFX_M_Sparks Metal.mat using Guid(f694f40c6e4a192408764416581ed108) Importer(815301076,1909f56bfc062723c751e8b465ee728b)  -> (artifact id: '125c1c280804b0b0969d1d4be30637a7') in 2.321139 seconds
  Import took 2.337271 seconds .

========================================================================
Received Import Request.
  Time since last request: 0.001072 seconds.
  path: Assets/JMO Assets/WarFX/Desktop/Materials/Impacts/WFX_M_Sparks Metal.mat
  artifactKey: Guid(f694f40c6e4a192408764416581ed108) Importer(815301076,1909f56bfc062723c751e8b465ee728b)
Start importing Assets/JMO Assets/WarFX/Desktop/Materials/Impacts/WFX_M_Sparks Metal.mat using Guid(f694f40c6e4a192408764416581ed108) Importer(815301076,1909f56bfc062723c751e8b465ee728b)  -> (artifact id: '125c1c280804b0b0969d1d4be30637a7') in 0.646573 seconds
  Import took 0.671030 seconds .

========================================================================
Received Import Request.
  Time since last request: 0.111870 seconds.
  path: Assets/JMO Assets/WarFX/Desktop/Materials/Impacts/WFX_M_Sparks Metal.mat
  artifactKey: Guid(f694f40c6e4a192408764416581ed108) Importer(815301076,1909f56bfc062723c751e8b465ee728b)
Start importing Assets/JMO Assets/WarFX/Desktop/Materials/Impacts/WFX_M_Sparks Metal.mat using Guid(f694f40c6e4a192408764416581ed108) Importer(815301076,1909f56bfc062723c751e8b465ee728b)  -> (artifact id: '125c1c280804b0b0969d1d4be30637a7') in 0.450221 seconds
  Import took 0.498455 seconds .

========================================================================
Received Prepare
Registering precompiled user dll's ...
Registered in 0.000963 seconds.
Begin MonoManager ReloadAssembly
Native extension for WindowsStandalone target not found
Refreshing native plugins compatible for Editor in 0.84 ms, found 0 plugins.
Preloading 0 native plugins for Editor in 0.00 ms.
Mono: successfully reloaded assembly
- Completed reload, in  1.379 seconds
Platform modules already initialized, skipping
Shader 'WFX/Transparent Specular': fallback shader 'Particles/Alpha Blended' not found
Shader 'WFX/Transparent Diffuse': fallback shader 'Particles/Alpha Blended' not found
Shader 'WFX/Transparent Specular': fallback shader 'Particles/Alpha Blended' not found
Shader 'WFX/Transparent Diffuse': fallback shader 'Particles/Alpha Blended' not found
Refreshing native plugins compatible for Editor in 0.34 ms, found 0 plugins.
Preloading 0 native plugins for Editor in 0.00 ms.
Unloading 1139 Unused Serialized files (Serialized files now loaded: 0)
System memory in use before: 62.9 MB.
System memory in use after: 62.5 MB.

Unloading 15 unused Assets to reduce memory usage. Loaded Objects now: 1747.
Total: 3.245700 ms (FindLiveObjects: 0.413200 ms CreateObjectMapping: 0.094800 ms MarkObjects: 2.304800 ms  DeleteObjects: 0.430200 ms)

========================================================================
Received Import Request.
  Time since last request: 107.139991 seconds.
  path: Assets/Scripts/BulletAction.cs
  artifactKey: Guid(99b0fbd9e2835154f996d2ec3ee8ea55) Importer(815301076,1909f56bfc062723c751e8b465ee728b)
Start importing Assets/Scripts/BulletAction.cs using Guid(99b0fbd9e2835154f996d2ec3ee8ea55) Importer(815301076,1909f56bfc062723c751e8b465ee728b)  -> (artifact id: 'a498d3a1d34e3605f9da44d7b2292177') in 0.049335 seconds
  Import took 0.053207 seconds .

========================================================================
Received Prepare
Registering precompiled user dll's ...
Registered in 0.001494 seconds.
Begin MonoManager ReloadAssembly
Native extension for WindowsStandalone target not found
Refreshing native plugins compatible for Editor in 0.49 ms, found 0 plugins.
Preloading 0 native plugins for Editor in 0.00 ms.
Mono: successfully reloaded assembly
- Completed reload, in  2.245 seconds
Platform modules already initialized, skipping
Shader 'WFX/Transparent Specular': fallback shader 'Particles/Alpha Blended' not found
Shader 'WFX/Transparent Diffuse': fallback shader 'Particles/Alpha Blended' not found
Shader 'WFX/Transparent Specular': fallback shader 'Particles/Alpha Blended' not found
Shader 'WFX/Transparent Diffuse': fallback shader 'Particles/Alpha Blended' not found
Refreshing native plugins compatible for Editor in 0.38 ms, found 0 plugins.
Preloading 0 native plugins for Editor in 0.00 ms.
Unloading 1140 Unused Serialized files (Serialized files now loaded: 0)
System memory in use before: 62.9 MB.
System memory in use after: 62.5 MB.

Unloading 15 unused Assets to reduce memory usage. Loaded Objects now: 1751.
Total: 3.681000 ms (FindLiveObjects: 0.241900 ms CreateObjectMapping: 0.076800 ms MarkObjects: 2.952800 ms  DeleteObjects: 0.407800 ms)

========================================================================
Received Prepare
Registering precompiled user dll's ...
Registered in 0.002120 seconds.
Begin MonoManager ReloadAssembly
Native extension for WindowsStandalone target not found
Refreshing native plugins compatible for Editor in 0.56 ms, found 0 plugins.
Preloading 0 native plugins for Editor in 0.00 ms.
Mono: successfully reloaded assembly
- Completed reload, in  3.067 seconds
Platform modules already initialized, skipping
Shader 'WFX/Transparent Specular': fallback shader 'Particles/Alpha Blended' not found
Shader 'WFX/Transparent Diffuse': fallback shader 'Particles/Alpha Blended' not found
Shader 'WFX/Transparent Specular': fallback shader 'Particles/Alpha Blended' not found
Shader 'WFX/Transparent Diffuse': fallback shader 'Particles/Alpha Blended' not found
Refreshing native plugins compatible for Editor in 1.04 ms, found 0 plugins.
Preloading 0 native plugins for Editor in 0.00 ms.
Unloading 1140 Unused Serialized files (Serialized files now loaded: 0)
System memory in use before: 62.9 MB.
System memory in use after: 62.5 MB.

Unloading 15 unused Assets to reduce memory usage. Loaded Objects now: 1754.
Total: 5.155100 ms (FindLiveObjects: 0.362700 ms CreateObjectMapping: 0.115800 ms MarkObjects: 3.861000 ms  DeleteObjects: 0.812500 ms)

========================================================================
Received Prepare
Registering precompiled user dll's ...
Registered in 0.012290 seconds.
Begin MonoManager ReloadAssembly
Native extension for WindowsStandalone target not found
Refreshing native plugins compatible for Editor in 0.95 ms, found 0 plugins.
Preloading 0 native plugins for Editor in 0.00 ms.
Mono: successfully reloaded assembly
- Completed reload, in  7.897 seconds
Platform modules already initialized, skipping
Shader 'WFX/Transparent Specular': fallback shader 'Particles/Alpha Blended' not found
Shader 'WFX/Transparent Diffuse': fallback shader 'Particles/Alpha Blended' not found
Shader 'WFX/Transparent Specular': fallback shader 'Particles/Alpha Blended' not found
Shader 'WFX/Transparent Diffuse': fallback shader 'Particles/Alpha Blended' not found
Refreshing native plugins compatible for Editor in 0.72 ms, found 0 plugins.
Preloading 0 native plugins for Editor in 0.00 ms.
Unloading 1140 Unused Serialized files (Serialized files now loaded: 0)
System memory in use before: 62.9 MB.
System memory in use after: 62.5 MB.

Unloading 15 unused Assets to reduce memory usage. Loaded Objects now: 1757.
Total: 19.076100 ms (FindLiveObjects: 3.226000 ms CreateObjectMapping: 0.345300 ms MarkObjects: 11.599000 ms  DeleteObjects: 3.898800 ms)

========================================================================
Received Prepare
Registering precompiled user dll's ...
Registered in 0.001222 seconds.
Begin MonoManager ReloadAssembly
Native extension for WindowsStandalone target not found
Refreshing native plugins compatible for Editor in 0.29 ms, found 0 plugins.
Preloading 0 native plugins for Editor in 0.00 ms.
Mono: successfully reloaded assembly
- Completed reload, in  1.126 seconds
Platform modules already initialized, skipping
Shader 'WFX/Transparent Specular': fallback shader 'Particles/Alpha Blended' not found
Shader 'WFX/Transparent Diffuse': fallback shader 'Particles/Alpha Blended' not found
Shader 'WFX/Transparent Diffuse': fallback shader 'Particles/Alpha Blended' not found
Shader 'WFX/Transparent Specular': fallback shader 'Particles/Alpha Blended' not found
Refreshing native plugins compatible for Editor in 0.51 ms, found 0 plugins.
Preloading 0 native plugins for Editor in 0.00 ms.
Unloading 1140 Unused Serialized files (Serialized files now loaded: 0)
System memory in use before: 62.9 MB.
System memory in use after: 62.5 MB.

Unloading 15 unused Assets to reduce memory usage. Loaded Objects now: 1760.
Total: 3.548800 ms (FindLiveObjects: 0.203900 ms CreateObjectMapping: 0.054500 ms MarkObjects: 2.779000 ms  DeleteObjects: 0.509300 ms)

========================================================================
Received Import Request.
  Time since last request: 376.871270 seconds.
  path: Assets/Scripts/EnemyFSM.cs
  artifactKey: Guid(34e914f89fa167543b435565b603f415) Importer(815301076,1909f56bfc062723c751e8b465ee728b)
Start importing Assets/Scripts/EnemyFSM.cs using Guid(34e914f89fa167543b435565b603f415) Importer(815301076,1909f56bfc062723c751e8b465ee728b)  -> (artifact id: 'e239631b1e9e8a4caa360a5aa19aa865') in 0.068862 seconds
  Import took 0.076558 seconds .

========================================================================
Received Prepare
Registering precompiled user dll's ...
Registered in 0.001086 seconds.
Begin MonoManager ReloadAssembly
Native extension for WindowsStandalone target not found
Refreshing native plugins compatible for Editor in 0.26 ms, found 0 plugins.
Preloading 0 native plugins for Editor in 0.00 ms.
Mono: successfully reloaded assembly
- Completed reload, in  1.327 seconds
Platform modules already initialized, skipping
Shader 'WFX/Transparent Specular': fallback shader 'Particles/Alpha Blended' not found
Shader 'WFX/Transparent Diffuse': fallback shader 'Particles/Alpha Blended' not found
Shader 'WFX/Transparent Diffuse': fallback shader 'Particles/Alpha Blended' not found
Shader 'WFX/Transparent Specular': fallback shader 'Particles/Alpha Blended' not found
Refreshing native plugins compatible for Editor in 0.28 ms, found 0 plugins.
Preloading 0 native plugins for Editor in 0.00 ms.
Unloading 1141 Unused Serialized files (Serialized files now loaded: 0)
System memory in use before: 62.9 MB.
System memory in use after: 62.6 MB.

Unloading 15 unused Assets to reduce memory usage. Loaded Objects now: 1764.
Total: 2.043400 ms (FindLiveObjects: 0.193300 ms CreateObjectMapping: 0.038200 ms MarkObjects: 1.532400 ms  DeleteObjects: 0.278400 ms)

========================================================================
Received Prepare
Registering precompiled user dll's ...
Registered in 0.002909 seconds.
Begin MonoManager ReloadAssembly
Native extension for WindowsStandalone target not found
Refreshing native plugins compatible for Editor in 0.32 ms, found 0 plugins.
Preloading 0 native plugins for Editor in 0.00 ms.
Mono: successfully reloaded assembly
- Completed reload, in  1.189 seconds
Platform modules already initialized, skipping
Shader 'WFX/Transparent Specular': fallback shader 'Particles/Alpha Blended' not found
Shader 'WFX/Transparent Diffuse': fallback shader 'Particles/Alpha Blended' not found
Shader 'WFX/Transparent Specular': fallback shader 'Particles/Alpha Blended' not found
Shader 'WFX/Transparent Diffuse': fallback shader 'Particles/Alpha Blended' not found
Refreshing native plugins compatible for Editor in 0.27 ms, found 0 plugins.
Preloading 0 native plugins for Editor in 0.00 ms.
Unloading 1141 Unused Serialized files (Serialized files now loaded: 0)
System memory in use before: 62.9 MB.
System memory in use after: 62.6 MB.

Unloading 15 unused Assets to reduce memory usage. Loaded Objects now: 1767.
Total: 2.467500 ms (FindLiveObjects: 0.217900 ms CreateObjectMapping: 0.040900 ms MarkObjects: 1.872400 ms  DeleteObjects: 0.334900 ms)

========================================================================
Received Import Request.
  Time since last request: 27.362595 seconds.
  path: Assets/Scripts/EnemyFSM.cs
  artifactKey: Guid(34e914f89fa167543b435565b603f415) Importer(815301076,1909f56bfc062723c751e8b465ee728b)
Start importing Assets/Scripts/EnemyFSM.cs using Guid(34e914f89fa167543b435565b603f415) Importer(815301076,1909f56bfc062723c751e8b465ee728b)  -> (artifact id: 'cadbd54cfb82ecf5efe30a5f0561ffe7') in 0.010840 seconds
  Import took 0.013479 seconds .

========================================================================
Received Prepare
Registering precompiled user dll's ...
Registered in 0.000785 seconds.
Begin MonoManager ReloadAssembly
Native extension for WindowsStandalone target not found
Refreshing native plugins compatible for Editor in 0.30 ms, found 0 plugins.
Preloading 0 native plugins for Editor in 0.00 ms.
Mono: successfully reloaded assembly
- Completed reload, in  0.882 seconds
Platform modules already initialized, skipping
Shader 'WFX/Transparent Specular': fallback shader 'Particles/Alpha Blended' not found
Shader 'WFX/Transparent Diffuse': fallback shader 'Particles/Alpha Blended' not found
Shader 'WFX/Transparent Specular': fallback shader 'Particles/Alpha Blended' not found
Shader 'WFX/Transparent Diffuse': fallback shader 'Particles/Alpha Blended' not found
Refreshing native plugins compatible for Editor in 0.35 ms, found 0 plugins.
Preloading 0 native plugins for Editor in 0.00 ms.
Unloading 1141 Unused Serialized files (Serialized files now loaded: 0)
System memory in use before: 62.9 MB.
System memory in use after: 62.6 MB.

Unloading 15 unused Assets to reduce memory usage. Loaded Objects now: 1770.
Total: 2.710200 ms (FindLiveObjects: 0.213400 ms CreateObjectMapping: 0.036900 ms MarkObjects: 2.124600 ms  DeleteObjects: 0.334200 ms)

========================================================================
Received Prepare
Registering precompiled user dll's ...
Registered in 0.001155 seconds.
Begin MonoManager ReloadAssembly
Native extension for WindowsStandalone target not found
Refreshing native plugins compatible for Editor in 0.29 ms, found 0 plugins.
Preloading 0 native plugins for Editor in 0.00 ms.
Mono: successfully reloaded assembly
- Completed reload, in  0.855 seconds
Platform modules already initialized, skipping
Shader 'WFX/Transparent Specular': fallback shader 'Particles/Alpha Blended' not found
Shader 'WFX/Transparent Diffuse': fallback shader 'Particles/Alpha Blended' not found
Shader 'WFX/Transparent Specular': fallback shader 'Particles/Alpha Blended' not found
Shader 'WFX/Transparent Diffuse': fallback shader 'Particles/Alpha Blended' not found
Refreshing native plugins compatible for Editor in 0.60 ms, found 0 plugins.
Preloading 0 native plugins for Editor in 0.00 ms.
Unloading 1141 Unused Serialized files (Serialized files now loaded: 0)
System memory in use before: 63.0 MB.
System memory in use after: 62.7 MB.

Unloading 15 unused Assets to reduce memory usage. Loaded Objects now: 1773.
Total: 2.780700 ms (FindLiveObjects: 0.222000 ms CreateObjectMapping: 0.132000 ms MarkObjects: 2.144500 ms  DeleteObjects: 0.280600 ms)

AssetImportWorkerClient::OnTransportError - code=2 error=End of file
